<?xml version="1.0" encoding="UTF-8"?>
<!-- Generated by org.testng.reporters.JUnitReportReporter -->
<testsuite skipped="0" hostname="ISW42SLPC1091" name="Anandclass.Datareader" tests="5" failures="0" timestamp="14 Jun 2019 08:24:47 GMT" time="0.044" errors="0">
  <testcase name="login" time="0.003" classname="Anandclass.Datareader"/>
  <testcase name="login" time="0.002" classname="Anandclass.Datareader"/>
  <testcase name="login" time="0.022" classname="Anandclass.Datareader"/>
  <testcase name="login" time="0.006" classname="Anandclass.Datareader"/>
  <testcase name="login" time="0.011" classname="Anandclass.Datareader"/>
</testsuite> <!-- Anandclass.Datareader -->
