<?xml version="1.0" encoding="UTF-8"?>
<!-- Generated by org.testng.reporters.JUnitReportReporter -->
<testsuite skipped="0" hostname="ISW42SLPC1091" name="Anandclass.Test4" tests="5" failures="0" timestamp="14 Jun 2019 05:23:04 GMT" time="0.062" errors="0">
  <testcase name="login" time="0.004" classname="Anandclass.Test4"/>
  <testcase name="login" time="0.006" classname="Anandclass.Test4"/>
  <testcase name="login" time="0.025" classname="Anandclass.Test4"/>
  <testcase name="login" time="0.011" classname="Anandclass.Test4"/>
  <testcase name="login" time="0.016" classname="Anandclass.Test4"/>
</testsuite> <!-- Anandclass.Test4 -->
