<?xml version="1.0" encoding="UTF-8"?>
<!-- Generated by org.testng.reporters.JUnitReportReporter -->
<testsuite skipped="0" hostname="ISW42SLPC1091" name="Anandclass.test2" tests="4" failures="0" timestamp="12 Jun 2019 15:53:23 GMT" time="0.028" errors="0">
  <testcase name="test2" time="0.004" classname="Anandclass.test2"/>
  <testcase name="test1" time="0.012" classname="Anandclass.test2"/>
  <testcase name="test2" time="0.004" classname="Anandclass.test2"/>
  <testcase name="test1" time="0.008" classname="Anandclass.test2"/>
</testsuite> <!-- Anandclass.test2 -->
