<?xml version="1.0" encoding="UTF-8"?>
<!-- Generated by org.testng.reporters.JUnitReportReporter -->
<testsuite skipped="0" hostname="ISW42SLPC1091" name="Basicselenium.LaunchBrowser" tests="1" failures="0" timestamp="19 Jun 2019 14:12:42 GMT" time="282.345" errors="0">
  <testcase name="login" time="282.345" classname="Basicselenium.LaunchBrowser"/>
</testsuite> <!-- Basicselenium.LaunchBrowser -->
