<?xml version="1.0" encoding="UTF-8"?>
<!-- Generated by org.testng.reporters.JUnitReportReporter -->
<testsuite skipped="0" hostname="ISW42SLPC1091" name="Testng.Class2" tests="2" failures="0" timestamp="11 Jun 2019 15:22:43 GMT" time="0.011" errors="0">
  <testcase name="first" time="0.005" classname="Testng.Class2"/>
  <testcase name="first2" time="0.006" classname="Testng.Class2"/>
</testsuite> <!-- Testng.Class2 -->
