<?xml version="1.0" encoding="UTF-8"?>
<!-- Generated by org.testng.reporters.JUnitReportReporter -->
<testsuite skipped="0" hostname="ISW42SLPC1091" name="Testng.NewTest" tests="3" failures="0" timestamp="11 Jun 2019 15:22:43 GMT" time="0.020" errors="0">
  <testcase name="test4" time="0.003" classname="Testng.NewTest"/>
  <testcase name="test3" time="0.003" classname="Testng.NewTest"/>
  <testcase name="test2" time="0.014" classname="Testng.NewTest"/>
</testsuite> <!-- Testng.NewTest -->
