<?xml version="1.0" encoding="UTF-8"?>
<!-- Generated by org.testng.reporters.JUnitReportReporter -->
<testsuite skipped="0" hostname="ISW42SLPC1091" name="Basicselenium.seleniumclass3" tests="1" failures="0" timestamp="19 Jun 2019 14:35:19 GMT" time="17.919" errors="0">
  <testcase name="test" time="17.919" classname="Basicselenium.seleniumclass3"/>
</testsuite> <!-- Basicselenium.seleniumclass3 -->
