<?xml version="1.0" encoding="UTF-8"?>
<!-- Generated by org.testng.reporters.JUnitReportReporter -->
<testsuite skipped="0" hostname="ISW42SLPC1091" name="testing.TC_Login" tests="1" failures="0" timestamp="29 Jun 2019 09:05:25 GMT" time="65.907" errors="0">
  <testcase name="script" time="65.907" classname="testing.TC_Login"/>
</testsuite> <!-- testing.TC_Login -->
