<?xml version="1.0" encoding="UTF-8"?>
<!-- Generated by org.testng.reporters.JUnitReportReporter -->
<testsuite skipped="0" hostname="ISW42SLPC1091" name="handleifrme" tests="1" failures="0" timestamp="21 Jun 2019 15:33:29 GMT" time="55.628" errors="0">
  <testcase name="hover" time="55.628" classname="handleifrme"/>
</testsuite> <!-- handleifrme -->
