<?xml version="1.0" encoding="UTF-8"?>
<!-- Generated by org.testng.reporters.JUnitReportReporter -->
<testsuite skipped="0" hostname="ISW42SLPC1091" name="Webtable" tests="1" failures="0" timestamp="19 Jun 2019 15:19:36 GMT" time="24.767" errors="0">
  <testcase name="test" time="24.767" classname="Webtable"/>
</testsuite> <!-- Webtable -->
