<?xml version="1.0" encoding="UTF-8"?>
<!-- Generated by org.testng.reporters.JUnitReportReporter -->
<testsuite skipped="0" hostname="ISW42SLPC1091" name="multiselectbox" tests="1" failures="0" timestamp="19 Jun 2019 15:00:26 GMT" time="36.449" errors="0">
  <testcase name="test" time="36.449" classname="multiselectbox"/>
</testsuite> <!-- multiselectbox -->
