<?xml version="1.0" encoding="UTF-8"?>
<!-- Generated by org.testng.reporters.JUnitReportReporter -->
<testsuite skipped="0" hostname="ISW42SLPC1091" name="alerts.HandleAlerts" tests="1" failures="0" timestamp="21 Jun 2019 14:09:34 GMT" time="71.459" errors="0">
  <testcase name="hover" time="71.459" classname="alerts.HandleAlerts"/>
</testsuite> <!-- alerts.HandleAlerts -->
