<?xml version="1.0" encoding="UTF-8"?>
<!-- Generated by org.testng.reporters.JUnitReportReporter -->
<testsuite skipped="0" hostname="ISW42SLPC1091" name="testing" tests="1" failures="0" timestamp="21 Jun 2019 15:57:14 GMT" time="25.351" errors="0">
  <testcase name="hover" time="25.351" classname="testing"/>
</testsuite> <!-- testing -->
