<?xml version="1.0" encoding="UTF-8"?>
<!-- Generated by org.testng.reporters.JUnitReportReporter -->
<testsuite skipped="0" hostname="ISW42SLPC1091" name="alerts.multiwindow" tests="1" failures="0" timestamp="21 Jun 2019 14:52:13 GMT" time="69.338" errors="0">
  <testcase name="hover" time="69.338" classname="alerts.multiwindow"/>
</testsuite> <!-- alerts.multiwindow -->
