<?xml version="1.0" encoding="UTF-8"?>
<!-- Generated by org.testng.reporters.JUnitReportReporter -->
<testsuite skipped="0" hostname="ISW42SLPC1091" name="mousehover.mousehover" tests="1" failures="0" timestamp="19 Jun 2019 16:05:48 GMT" time="19.996" errors="0">
  <testcase name="hover" time="19.996" classname="mousehover.mousehover"/>
</testsuite> <!-- mousehover.mousehover -->
