<?xml version="1.0" encoding="UTF-8"?>
<!-- Generated by org.testng.reporters.JUnitReportReporter -->
<testsuite hostname="ISW42SLPC1091" name="Testng.NewTest" tests="3" failures="0" timestamp="10 Jun 2019 15:12:33 GMT" time="0.028" errors="0">
  <testcase name="test2" time="0.004" classname="Testng.NewTest"/>
  <testcase name="test3" time="0.000" classname="Testng.NewTest"/>
  <testcase name="test1" time="0.024" classname="Testng.NewTest"/>
</testsuite> <!-- Testng.NewTest -->
